Development Component Build (2018-02-21 10:16:50 GMT+05:30 (IST))
  Component name: pmc/service/ejb
  Component vendor: incture.com
  SC compartment: incture.com_PMC_FRAMEWORK_1
  Configuration: CWD_INC-PMC_D
  Location: CWD_INC-PMC_D
  Source code location: http://INCTURECWD:50000/dtr/ws/INC-PMC/incture.com_PMC_FRAMEWORK/dev/inactive/DCs/incture.com/pmc/service/ejb/_comp/
  DC root folder: C:\Users\sai.tharun\pmc_workspace\pmc-git-ws.jdi\0\DCs\incture.com\pmc\service\ejb\_comp\
  DC type: J2EE
  DC subtype: EJBModule
  Host: INC00718

DC Model check:
   DC is available locally
   validating dependency to build plugin "sap.com/tc/bi/bp/ejbmodule"
   validating dependency to  public part "lib_PP" of DC "incture.com/inc/ext/libs/app"
   validating dependency to  public part "api" of DC "sap.com/engine.jee5.facade"
   validating dependency to  public part "api" of DC "sap.com/tc/je/scheduler/api"
   validating dependency to  public part "api" of DC "sap.com/tc/je/webservices/api"
   DC model check OK

Start build plugin:
   using build plugin: sap.com/tc/bi/bp/ejbmodule
   starting build plugin from : C:\Users\sai.tharun\pmc_workspace\pmc-git-ws.jdi\0\DCs\sap.com\tc\bi\bp\ejbmodule\_comp\gen\default\public\ejb\



Build Plugin 'EJBModulePlugin', Version 7.30 SP 5 (NW750CORE_05_REL, built on 2016-09-05 17:26:50 +0200, CL239773)
   development component:  pmc/service/ejb (incture.com)
      software component:  PMC_FRAMEWORK (incture.com)
                location:  CWD_INC-PMC_D
                    type:  J2EE, subtype EJBModule
           build variant:  default
         source location:  http://INCTURECWD:50000/dtr/ws/INC-PMC/incture.com_PMC_FRAMEWORK/dev/inactive/
         output location:  C:\Users\sai.tharun\pmc_workspace\pmc-git-ws.jdi\0\t2\941B7B4404EA5B86ACF2997B14979EF4\default
       generation folder:  C:\Users\sai.tharun\pmc_workspace\pmc-git-ws.jdi\0\t\941B7B4404EA5B86ACF2997B14979EF4
       plugin start time:  2018-02-21 10:16:50 GMT+05:30 (IST)
                 Java VM:  Java HotSpot(TM) 64-Bit Server VM, 25.91-b15 (1.8, Oracle Corporation)


General options:
  convert *.xlf to *.properties: yes
  include sources for debugging: yes
 


Package folder ".apt_generated" exists but is empty and will be ignored.
Checking path lengths for sources
Path length checks finished in 0.032 seconds
 
Preparing data context..
Using custom manifest file "ejbModule/META-INF/MANIFEST.MF"
Data context preparation finished in 0.105 seconds
 
Creating Ant build file..
  Creating output file: C:\Users\sai.tharun\pmc_workspace\pmc-git-ws.jdi\0\t2\941B7B4404EA5B86ACF2997B14979EF4\default\logs\build.xml
  Using Java class:     com.sap.tc.buildplugin.BuildEJBModule
Build file creation finished in 0.055 seconds
 
Starting Ant..
  Using build file:     C:\Users\sai.tharun\pmc_workspace\pmc-git-ws.jdi\0\t2\941B7B4404EA5B86ACF2997B14979EF4\default\logs\build.xml
  Using build target:   build
  Using Ant version:    1.7.1
 
compile:
      [echo] Forking Java compiler as a new process: C:\Program Files\Java\jdk1.8.0_131\bin\javac.exe
      [echo] Settings:
      [echo]         debug: on
      [echo]      optimize: off
      [echo]   deprecation: default
      [echo]       verbose: default
      [echo]      encoding: UTF-8
      [echo]        source: 1.6
      [echo]        target: 1.6
      [echo]   source path: C:\Users\sai.tharun\pmc_workspace\pmc-git-ws.jdi\0\DCs\incture.com\pmc\service\ejb\_comp\ejbModule
      [echo]    class path:
      [echo]       C:\Users\sai.tharun\pmc_workspace\pmc-git-ws.jdi\0\DCs\incture.com\inc\ext\libs\app\_comp\gen\default\public\lib_PP\lib\java\apache-logging-log4j.jar
      [echo]       C:\Users\sai.tharun\pmc_workspace\pmc-git-ws.jdi\0\DCs\incture.com\inc\ext\libs\app\_comp\gen\default\public\lib_PP\lib\java\bcprov-1.45.jar
      [echo]       C:\Users\sai.tharun\pmc_workspace\pmc-git-ws.jdi\0\DCs\incture.com\inc\ext\libs\app\_comp\gen\default\public\lib_PP\lib\java\com.google.code.gson-gson-2.4.jar
      [echo]       C:\Users\sai.tharun\pmc_workspace\pmc-git-ws.jdi\0\DCs\incture.com\inc\ext\libs\app\_comp\gen\default\public\lib_PP\lib\java\commons-codec-1.6.jar
      [echo]       C:\Users\sai.tharun\pmc_workspace\pmc-git-ws.jdi\0\DCs\incture.com\inc\ext\libs\app\_comp\gen\default\public\lib_PP\lib\java\commons-collections4-4.1.jar
      [echo]       C:\Users\sai.tharun\pmc_workspace\pmc-git-ws.jdi\0\DCs\incture.com\inc\ext\libs\app\_comp\gen\default\public\lib_PP\lib\java\commons-io-1.3.2.jar
      [echo]       C:\Users\sai.tharun\pmc_workspace\pmc-git-ws.jdi\0\DCs\incture.com\inc\ext\libs\app\_comp\gen\default\public\lib_PP\lib\java\commons-logging-1.1.3.jar
      [echo]       C:\Users\sai.tharun\pmc_workspace\pmc-git-ws.jdi\0\DCs\incture.com\inc\ext\libs\app\_comp\gen\default\public\lib_PP\lib\java\httpclient-4.3.3.jar
      [echo]       C:\Users\sai.tharun\pmc_workspace\pmc-git-ws.jdi\0\DCs\incture.com\inc\ext\libs\app\_comp\gen\default\public\lib_PP\lib\java\httpcore-4.3.2.jar
      [echo]       C:\Users\sai.tharun\pmc_workspace\pmc-git-ws.jdi\0\DCs\incture.com\inc\ext\libs\app\_comp\gen\default\public\lib_PP\lib\java\jackson-core-asl-1.9.2.jar
      [echo]       C:\Users\sai.tharun\pmc_workspace\pmc-git-ws.jdi\0\DCs\incture.com\inc\ext\libs\app\_comp\gen\default\public\lib_PP\lib\java\jackson-jaxrs-1.9.2.jar
      [echo]       C:\Users\sai.tharun\pmc_workspace\pmc-git-ws.jdi\0\DCs\incture.com\inc\ext\libs\app\_comp\gen\default\public\lib_PP\lib\java\jackson-mapper-asl-1.9.2.jar
      [echo]       C:\Users\sai.tharun\pmc_workspace\pmc-git-ws.jdi\0\DCs\incture.com\inc\ext\libs\app\_comp\gen\default\public\lib_PP\lib\java\jackson-xc-1.9.2.jar
      [echo]       C:\Users\sai.tharun\pmc_workspace\pmc-git-ws.jdi\0\DCs\incture.com\inc\ext\libs\app\_comp\gen\default\public\lib_PP\lib\java\javaee-web-api-7.0.jar
      [echo]       C:\Users\sai.tharun\pmc_workspace\pmc-git-ws.jdi\0\DCs\incture.com\inc\ext\libs\app\_comp\gen\default\public\lib_PP\lib\java\javapns-jdk16-2.2.1.jar
      [echo]       C:\Users\sai.tharun\pmc_workspace\pmc-git-ws.jdi\0\DCs\incture.com\inc\ext\libs\app\_comp\gen\default\public\lib_PP\lib\java\jersey-client-1.19.1.jar
      [echo]       C:\Users\sai.tharun\pmc_workspace\pmc-git-ws.jdi\0\DCs\incture.com\inc\ext\libs\app\_comp\gen\default\public\lib_PP\lib\java\jersey-core-1.19.1.jar
      [echo]       C:\Users\sai.tharun\pmc_workspace\pmc-git-ws.jdi\0\DCs\incture.com\inc\ext\libs\app\_comp\gen\default\public\lib_PP\lib\java\jersey-json-1.19.1.jar
      [echo]       C:\Users\sai.tharun\pmc_workspace\pmc-git-ws.jdi\0\DCs\incture.com\inc\ext\libs\app\_comp\gen\default\public\lib_PP\lib\java\jersey-server-1.19.1.jar
      [echo]       C:\Users\sai.tharun\pmc_workspace\pmc-git-ws.jdi\0\DCs\incture.com\inc\ext\libs\app\_comp\gen\default\public\lib_PP\lib\java\jersey-servlet-1.19.1.jar
      [echo]       C:\Users\sai.tharun\pmc_workspace\pmc-git-ws.jdi\0\DCs\incture.com\inc\ext\libs\app\_comp\gen\default\public\lib_PP\lib\java\jettison-1.1.jar
      [echo]       C:\Users\sai.tharun\pmc_workspace\pmc-git-ws.jdi\0\DCs\incture.com\inc\ext\libs\app\_comp\gen\default\public\lib_PP\lib\java\jsr311-api-1.1.1.jar
      [echo]       C:\Users\sai.tharun\pmc_workspace\pmc-git-ws.jdi\0\DCs\incture.com\inc\ext\libs\app\_comp\gen\default\public\lib_PP\lib\java\ngdbc.jar
      [echo]       C:\Users\sai.tharun\pmc_workspace\pmc-git-ws.jdi\0\DCs\incture.com\inc\ext\libs\app\_comp\gen\default\public\lib_PP\lib\java\org.apache.olingo-olingo-odata2-api-2.0.9.jar
      [echo]       C:\Users\sai.tharun\pmc_workspace\pmc-git-ws.jdi\0\DCs\incture.com\inc\ext\libs\app\_comp\gen\default\public\lib_PP\lib\java\org.apache.olingo-olingo-odata2-api-annotation-2.0.9.jar
      [echo]       C:\Users\sai.tharun\pmc_workspace\pmc-git-ws.jdi\0\DCs\incture.com\inc\ext\libs\app\_comp\gen\default\public\lib_PP\lib\java\org.apache.olingo-olingo-odata2-core-2.0.9.jar
      [echo]       C:\Users\sai.tharun\pmc_workspace\pmc-git-ws.jdi\0\DCs\incture.com\inc\ext\libs\app\_comp\gen\default\public\lib_PP\lib\java\poi-3.16-beta1.jar
      [echo]       C:\Users\sai.tharun\pmc_workspace\pmc-git-ws.jdi\0\DCs\incture.com\inc\ext\libs\app\_comp\gen\default\public\lib_PP\lib\java\poi-ooxml-3.16-beta1.jar
      [echo]       C:\Users\sai.tharun\pmc_workspace\pmc-git-ws.jdi\0\DCs\incture.com\inc\ext\libs\app\_comp\gen\default\public\lib_PP\lib\java\poi-ooxml-schemas-3.16-beta1.jar
      [echo]       C:\Users\sai.tharun\pmc_workspace\pmc-git-ws.jdi\0\DCs\incture.com\inc\ext\libs\app\_comp\gen\default\public\lib_PP\lib\java\sapjco3.jar
      [echo]       C:\Users\sai.tharun\pmc_workspace\pmc-git-ws.jdi\0\DCs\incture.com\inc\ext\libs\app\_comp\gen\default\public\lib_PP\lib\java\xmlbeans-2.6.0.jar
      [echo]       C:\Users\sai.tharun\pmc_workspace\pmc-git-ws.jdi\0\DCs\sap.com\tc\je\webservices\api\_comp\gen\default\public\api\lib\java\tc~je~webservices~api.jar
      [echo]       C:\Users\sai.tharun\pmc_workspace\pmc-git-ws.jdi\0\DCs\sap.com\tc\je\scheduler\api\_comp\gen\default\public\api\lib\java\tc~je~scheduler~api.jar
      [echo]       C:\Users\sai.tharun\pmc_workspace\pmc-git-ws.jdi\0\DCs\sap.com\engine.jee5.facade\_comp\gen\default\public\api\lib\java\ec~java~jsf~api.jar
      [echo]       C:\Users\sai.tharun\pmc_workspace\pmc-git-ws.jdi\0\DCs\sap.com\engine.jee5.facade\_comp\gen\default\public\api\lib\java\engine.jee5.facade.jar
      [echo]       C:\Users\sai.tharun\pmc_workspace\pmc-git-ws.jdi\0\DCs\sap.com\engine.jee5.facade\_comp\gen\default\public\api\lib\java\orpersistence_client_lib_filtered.jar
      [echo]    output dir: C:\Users\sai.tharun\pmc_workspace\pmc-git-ws.jdi\0\t\941B7B4404EA5B86ACF2997B14979EF4\classes
     [javac] Compiling 310 source files to C:\Users\sai.tharun\pmc_workspace\pmc-git-ws.jdi\0\t\941B7B4404EA5B86ACF2997B14979EF4\classes
     [javac] Reading options and classpath from file C:\Users\sai.tharun\pmc_workspace\pmc-git-ws.jdi\0\t2\941B7B4404EA5B86ACF2997B14979EF4\default\logs\options6991064470883470022.tmp
     [javac] Reading list of classes to be compiled from file C:\Users\sai.tharun\pmc_workspace\pmc-git-ws.jdi\0\t2\941B7B4404EA5B86ACF2997B14979EF4\default\logs\classes7637780589264402932.tmp
     [javac] WARNING: warning: [options] bootstrap class path not set in conjunction with -source 1.6
     [javac] WARNING: C:\Users\sai.tharun\pmc_workspace\pmc-git-ws.jdi\0\DCs\incture.com\pmc\service\ejb\_comp\ejbModule\com\incture\pmc\e2e\services\E2EDao.java:25: warning: BASE64Encoder is internal proprietary API and may be removed in a future release
     [javac] WARNING: import sun.misc.BASE64Encoder;
     [javac] WARNING:                ^
     [javac] WARNING: C:\Users\sai.tharun\pmc_workspace\pmc-git-ws.jdi\0\DCs\incture.com\pmc\service\ejb\_comp\ejbModule\com\incture\pmc\reports\Excel.java:20: warning: BASE64Encoder is internal proprietary API and may be removed in a future release
     [javac] WARNING: import sun.misc.BASE64Encoder;
     [javac] WARNING:                ^
     [javac] WARNING: C:\Users\sai.tharun\pmc_workspace\pmc-git-ws.jdi\0\DCs\incture.com\pmc\service\ejb\_comp\ejbModule\com\incture\pmc\e2e\services\E2EDao.java:275: warning: BASE64Encoder is internal proprietary API and may be removed in a future release
     [javac] WARNING: 			BASE64Encoder encoder = new BASE64Encoder();
     [javac] WARNING: 			^
     [javac] WARNING: C:\Users\sai.tharun\pmc_workspace\pmc-git-ws.jdi\0\DCs\incture.com\pmc\service\ejb\_comp\ejbModule\com\incture\pmc\e2e\services\E2EDao.java:275: warning: BASE64Encoder is internal proprietary API and may be removed in a future release
     [javac] WARNING: 			BASE64Encoder encoder = new BASE64Encoder();
     [javac] WARNING: 			                            ^
     [javac] WARNING: C:\Users\sai.tharun\pmc_workspace\pmc-git-ws.jdi\0\DCs\incture.com\pmc\service\ejb\_comp\ejbModule\com\incture\pmc\reports\Excel.java:92: warning: BASE64Encoder is internal proprietary API and may be removed in a future release
     [javac] WARNING: 					BASE64Encoder encoder = new BASE64Encoder();
     [javac] WARNING: 					^
     [javac] WARNING: C:\Users\sai.tharun\pmc_workspace\pmc-git-ws.jdi\0\DCs\incture.com\pmc\service\ejb\_comp\ejbModule\com\incture\pmc\reports\Excel.java:92: warning: BASE64Encoder is internal proprietary API and may be removed in a future release
     [javac] WARNING: 					BASE64Encoder encoder = new BASE64Encoder();
     [javac] WARNING: 					                            ^
     [javac] 7 warnings
     [timer] Java compilation finished in 7.53 seconds
 
      [echo] Start XLF conversion
  [xlf2prop] Found 0 XLF files to convert in folder "ejbModule"
     [timer] XLF conversion finished in 0.002 seconds
 
 
createPublicParts:
  [pppacker] Packing public part 'client'
  [pppacker] Packed   2 files for entity AdminControlFacade (Java Class/Class, com/incture/pmc/services/)
  [pppacker] Packed   2 files for entity AdminControlFacadeLocal (Java Class/Class, com/incture/pmc/services/)
  [pppacker] Packed   2 files for entity ArchivingService (Java Class/Class, com/incture/pmc/services/)
  [pppacker] Packed   2 files for entity ArchivingServiceLocal (Java Class/Class, com/incture/pmc/services/)
  [pppacker] Packed   2 files for entity ConfigurationFacade (Java Class/Class, com/incture/pmc/services/)
  [pppacker] Packed   2 files for entity ConfigurationFacadeLocal (Java Class/Class, com/incture/pmc/services/)
  [pppacker] Packed   2 files for entity CustomAttributesWSDLConsumer (Java Class/Class, com/incture/pmc/services/)
  [pppacker] Packed   2 files for entity CustomAttributesWSDLConsumerLocal (Java Class/Class, com/incture/pmc/services/)
  [pppacker] Packed   2 files for entity InboxFacade (Java Class/Class, com/incture/inbox/services/)
  [pppacker] Packed   2 files for entity InboxFacadeLocal (Java Class/Class, com/incture/inbox/services/)
  [pppacker] Packed   2 files for entity NotificationFacade (Java Class/Class, com/incture/pmc/services/)
  [pppacker] Packed   2 files for entity NotificationFacadeLocal (Java Class/Class, com/incture/pmc/services/)
  [pppacker] Packed   0 files for entity ProcessAgingFacade (Java Class/Class, com/incture/pmc/services/)
  [pppacker] Packed   0 files for entity ProcessAgingFacadeLocal (Java Class/Class, com/incture/pmc/services/)
  [pppacker] Packed   2 files for entity ProcessFacade (Java Class/Class, com/incture/pmc/services/)
  [pppacker] Packed   2 files for entity ProcessFacadeLocal (Java Class/Class, com/incture/pmc/services/)
  [pppacker] Packed   2 files for entity ReportFacade (Java Class/Class, com/incture/pmc/services/)
  [pppacker] Packed   2 files for entity ReportFacadeLocal (Java Class/Class, com/incture/pmc/services/)
  [pppacker] Packed   3 files for entity TaskFacade (Java Class/Class, com/incture/pmc/services/)
  [pppacker] Packed   2 files for entity TaskFacadeLocal (Java Class/Class, com/incture/pmc/services/)
  [pppacker] Packed  16 files for entity com.incture.inbox.services (Java Package/Class, com/incture/inbox/services/)
  [pppacker] Packed  31 files for entity com.incture.pmc.dao (Java Package/Class, com/incture/pmc/dao/)
  [pppacker] Packed 154 files for entity com.incture.pmc.dto (Java Package/Class, com/incture/pmc/dto/)
  [pppacker] Packed  16 files for entity com.incture.pmc.e2e.services (Java Package/Class, com/incture/pmc/e2e/services/)
  [pppacker] Packed  30 files for entity com.incture.pmc.entity (Java Package/Class, com/incture/pmc/entity/)
  [pppacker] Packed 216 files for entity com.incture.pmc.poadapter.services (Java Package/Class, com/incture/pmc/poadapter/services/)
  [pppacker] Packed   3 files for entity com.incture.pmc.poc.services (Java Package/Class, com/incture/pmc/poc/services/)
  [pppacker] Packed  28 files for entity com.incture.pmc.reports (Java Package/Class, com/incture/pmc/reports/)
  [pppacker] Packed  18 files for entity com.incture.pmc.responseDto (Java Package/Class, com/incture/pmc/responseDto/)
  [pppacker] Packed  68 files for entity com.incture.pmc.services (Java Package/Class, com/incture/pmc/services/)
  [pppacker] Packed  45 files for entity com.incture.pmc.util (Java Package/Class, com/incture/pmc/util/)
  [pppacker] Packed 31 entities for public part 'client'
     [timer] Packing of public part 'client' finished in 1.393 seconds
 
  [pppacker] Packing public part 'ejbjar'
  [pppacker] Packed 636 files for entity incture.com~pmc~service~ejb (EJB-JAR)
  [pppacker] Packed  16 files for entity com.incture.inbox.services (Java Package/Class, com/incture/inbox/services/)
  [pppacker] Packed  31 files for entity com.incture.pmc.dao (Java Package/Class, com/incture/pmc/dao/)
  [pppacker] Packed 154 files for entity com.incture.pmc.dto (Java Package/Class, com/incture/pmc/dto/)
  [pppacker] Packed  16 files for entity com.incture.pmc.e2e.services (Java Package/Class, com/incture/pmc/e2e/services/)
  [pppacker] Packed  30 files for entity com.incture.pmc.entity (Java Package/Class, com/incture/pmc/entity/)
  [pppacker] Packed 216 files for entity com.incture.pmc.poadapter.services (Java Package/Class, com/incture/pmc/poadapter/services/)
  [pppacker] Packed   3 files for entity com.incture.pmc.poc.services (Java Package/Class, com/incture/pmc/poc/services/)
  [pppacker] Packed  28 files for entity com.incture.pmc.reports (Java Package/Class, com/incture/pmc/reports/)
  [pppacker] Packed  18 files for entity com.incture.pmc.responseDto (Java Package/Class, com/incture/pmc/responseDto/)
  [pppacker] Packed  68 files for entity com.incture.pmc.services (Java Package/Class, com/incture/pmc/services/)
  [pppacker] Packed  45 files for entity com.incture.pmc.util (Java Package/Class, com/incture/pmc/util/)
  [pppacker] Packed 12 entities for public part 'ejbjar'
     [timer] Packing of public part 'ejbjar' finished in 0.884 seconds
 
 
build:
 
Ant runtime 9.859 seconds
 
Ant build finished with WARNINGS
Checking package reservation
Package reservation check finished in 0.028 seconds
 
Build plugin finished at 2018-02-21 10:17:00 GMT+05:30 (IST)
Total build plugin runtime: 10.438 seconds
 
Build finished with WARNING

==== Post-Processing ====   started at 2018-02-21 10:17:00.781 IST
Comparison of previous and actual build results took: 0.222 seconds

Copy the build results 
  from: C:\Users\sai.tharun\pmc_workspace\pmc-git-ws.jdi\0\t2\941B7B4404EA5B86ACF2997B14979EF4\default\
  to:   C:\Users\sai.tharun\pmc_workspace\pmc-git-ws.jdi\0\DCs\incture.com\pmc\service\ejb\_comp\gen\default\
